"/Users/ys/Library/Application Support/JetBrains/Toolbox/apps/CLion/ch-0/222.4167.25/CLion.app/Contents/bin/cmake/mac/bin/cmake" -DCMAKE_BUILD_TYPE=Debug "-DCMAKE_MAKE_PROGRAM=/Users/ys/Library/Application Support/JetBrains/Toolbox/apps/CLion/ch-0/222.4167.25/CLion.app/Contents/bin/ninja/mac/ninja" -G Ninja -S /Users/ys/CLionProjects/untitled2 -B /Users/ys/CLionProjects/untitled2/cmake-build-debug
-- The C compiler identification is unknown
-- Detecting C compiler ABI info
-- Detecting C compiler ABI info - failed
-- Check for working C compiler: /usr/bin/cc
-- Check for working C compiler: /usr/bin/cc - broken
CMake Error at /Users/ys/Library/Application Support/JetBrains/Toolbox/apps/CLion/ch-0/222.4167.25/CLion.app/Contents/bin/cmake/mac/share/cmake-3.23/Modules/CMakeTestCCompiler.cmake:69 (message):
  The C compiler

    "/usr/bin/cc"

  is not able to compile a simple test program.

  It fails with the following output:

    Change Dir: /Users/ys/CLionProjects/untitled2/cmake-build-debug/CMakeFiles/CMakeTmp
    
    Run Build Command(s):/Users/ys/Library/Application Support/JetBrains/Toolbox/apps/CLion/ch-0/222.4167.25/CLion.app/Contents/bin/ninja/mac/ninja cmTC_9391d && [1/2] Building C object CMakeFiles/cmTC_9391d.dir/testCCompiler.c.o
    FAILED: CMakeFiles/cmTC_9391d.dir/testCCompiler.c.o 
    /usr/bin/cc   -arch arm64 -o CMakeFiles/cmTC_9391d.dir/testCCompiler.c.o -c /Users/ys/CLionProjects/untitled2/cmake-build-debug/CMakeFiles/CMakeTmp/testCCompiler.c
    2022-09-15 17:47:21.593 xcodebuild[1993:22377] [MT] DVTPlugInLoading: Failed to load code for plug-in com.apple.dt.IDESimulatorAvailability (/Applications/Xcode.app/Contents/PlugIns/IDESimulatorAvailability.ideplugin), error = Error Domain=NSCocoaErrorDomain Code=3588 "dlopen(/Applications/Xcode.app/Contents/PlugIns/IDESimulatorAvailability.ideplugin/Contents/MacOS/IDESimulatorAvailability, 0x0109): Symbol not found: _OBJC_CLASS_$_SimDiskImage
      Referenced from: <5AAC3E24-B91B-3854-80ED-9C4EEADF71E7> /Applications/Xcode.app/Contents/PlugIns/IDESimulatorAvailability.ideplugin/Contents/MacOS/IDESimulatorAvailability
      Expected in:     <4BC5E57A-A569-3F93-8E87-BF4D01F7B15A> /Library/Developer/PrivateFrameworks/CoreSimulator.framework/Versions/A/CoreSimulator" UserInfo={NSLocalizedFailureReason=The bundle couldn’t be loaded., NSLocalizedRecoverySuggestion=Try reinstalling the bundle., NSFilePath=/Applications/Xcode.app/Contents/PlugIns/IDESimulatorAvailability.ideplugin/Contents/MacOS/IDESimulatorAvailability, NSDebugDescription=dlopen(/Applications/Xcode.app/Contents/PlugIns/IDESimulatorAvailability.ideplugin/Contents/MacOS/IDESimulatorAvailability, 0x0109): Symbol not found: _OBJC_CLASS_$_SimDiskImage
      Referenced from: <5AAC3E24-B91B-3854-80ED-9C4EEADF71E7> /Applications/Xcode.app/Contents/PlugIns/IDESimulatorAvailability.ideplugin/Contents/MacOS/IDESimulatorAvailability
      Expected in:     <4BC5E57A-A569-3F93-8E87-BF4D01F7B15A> /Library/Developer/PrivateFrameworks/CoreSimulator.framework/Versions/A/CoreSimulator, NSBundlePath=/Applications/Xcode.app/Contents/PlugIns/IDESimulatorAvailability.ideplugin, NSLocalizedDescription=The bundle “IDESimulatorAvailability” couldn’t be loaded.}, dyldError = dlopen(/Applications/Xcode.app/Contents/PlugIns/IDESimulatorAvailability.ideplugin/Contents/MacOS/IDESimulatorAvailability, 0x0000): Symbol not found: _OBJC_CLASS_$_SimDiskImage
      Referenced from: <5AAC3E24-B91B-3854-80ED-9C4EEADF71E7> /Applications/Xcode.app/Contents/PlugIns/IDESimulatorAvailability.ideplugin/Contents/MacOS/IDESimulatorAvailability
      Expected in:     <4BC5E57A-A569-3F93-8E87-BF4D01F7B15A> /Library/Developer/PrivateFrameworks/CoreSimulator.framework/Versions/A/CoreSimulator
    2022-09-15 17:47:21.601 xcodebuild[1993:22377] [MT] DVTAssertions: ASSERTION FAILURE in /System/Volumes/Data/SWE/Apps/DT/BuildRoots/BuildRoot2/ActiveBuildRoot/Library/Caches/com.apple.xbs/Sources/DVTFrameworks/DVTFrameworks-21303/DVTFoundation/PlugInArchitecture/DataModel/DVTPlugIn.m:374
    Details:  Failed to load code for plug-in com.apple.dt.IDESimulatorAvailability (/Applications/Xcode.app/Contents/PlugIns/IDESimulatorAvailability.ideplugin)
    Please ensure Xcode packages are up-to-date — try running 'xcodebuild -runFirstLaunch'.
    
    NSBundle error: Error Domain=NSCocoaErrorDomain Code=3588 "dlopen(/Applications/Xcode.app/Contents/PlugIns/IDESimulatorAvailability.ideplugin/Contents/MacOS/IDESimulatorAvailability, 0x0109): Symbol not found: _OBJC_CLASS_$_SimDiskImage
      Referenced from: <5AAC3E24-B91B-3854-80ED-9C4EEADF71E7> /Applications/Xcode.app/Contents/PlugIns/IDESimulatorAvailability.ideplugin/Contents/MacOS/IDESimulatorAvailability
      Expected in:     <4BC5E57A-A569-3F93-8E87-BF4D01F7B15A> /Library/Developer/PrivateFrameworks/CoreSimulator.framework/Versions/A/CoreSimulator" UserInfo={NSLocalizedFailureReason=The bundle couldn’t be loaded., NSLocalizedRecoverySuggestion=Try reinstalling the bundle., NSFilePath=/Applications/Xcode.app/Contents/PlugIns/IDESimulatorAvailability.ideplugin/Contents/MacOS/IDESimulatorAvailability, NSDebugDescription=dlopen(/Applications/Xcode.app/Contents/PlugIns/IDESimulatorAvailability.ideplugin/Contents/MacOS/IDESimulatorAvailability, 0x0109): Symbol not found: _OBJC_CLASS_$_SimDiskImage
      Referenced from: <5AAC3E24-B91B-3854-80ED-9C4EEADF71E7> /Applications/Xcode.app/Contents/PlugIns/IDESimulatorAvailability.ideplugin/Contents/MacOS/IDESimulatorAvailability
      Expected in:     <4BC5E57A-A569-3F93-8E87-BF4D01F7B15A> /Library/Developer/PrivateFrameworks/CoreSimulator.framework/Versions/A/CoreSimulator, NSBundlePath=/Applications/Xcode.app/Contents/PlugIns/IDESimulatorAvailability.ideplugin, NSLocalizedDescription=The bundle “IDESimulatorAvailability” couldn’t be loaded.}
    Object:   <DVTPlugIn: 0x6000001a38e0>
    Method:   -loadAssertingOnError:error:
    Thread:   <_NSMainThread: 0x6000025ac240>{number = 1, name = main}
    Hints: 
    
    Backtrace:
      0   -[DVTAssertionHandler handleFailureInMethod:object:fileName:lineNumber:assertionSignature:messageFormat:arguments:] (in DVTFoundation)
      1   _DVTAssertionHandler (in DVTFoundation)
      2   _DVTAssertionFailureHandler (in DVTFoundation)
      3   -[DVTPlugIn plugInManager] (in DVTFoundation)
      4   -[DVTExtension _fireExtensionFaultAssertingOnError:error:] (in DVTFoundation)
      5   __80-[DVTExtension _valueForKey:inParameterData:usingSchema:assertingOnError:error:]_block_invoke (in DVTFoundation)
      6   _dispatch_client_callout (in libdispatch.dylib)
      7   _dispatch_lane_barrier_sync_invoke_and_complete (in libdispatch.dylib)
      8   DVTDispatchBarrierSync (in DVTFoundation)
      9   -[DVTDispatchLock performLockedBlock:] (in DVTFoundation)
     10   -[DVTExtension _valueForKey:inParameterData:usingSchema:assertingOnError:error:] (in DVTFoundation)
     11   -[DVTExtension valueForKey:] (in DVTFoundation)
     12   _IDEInitializeOnePlugInAndPrerequisites (in IDEFoundation)
     13   _IDEInitializePlugIns (in IDEFoundation)
     14   IDEInitialize (in IDEFoundation)
     15   -[Xcode3CommandLineBuildTool run] (in Xcode3Core)
     16   XcodeBuildMain (in libxcodebuildLoader.dylib)
     17   start (in dyld)
    sh: line 1:  1998 Abort trap: 6           /Applications/Xcode.app/Contents/Developer/usr/bin/xcodebuild -sdk /Applications/Xcode.app/Contents/Developer/Platforms/MacOSX.platform/Developer/SDKs/MacOSX.sdk -find clang 2> /dev/null
    cc: error: sh -c '/Applications/Xcode.app/Contents/Developer/usr/bin/xcodebuild -sdk /Applications/Xcode.app/Contents/Developer/Platforms/MacOSX.platform/Developer/SDKs/MacOSX.sdk -find clang 2> /dev/null' failed with exit code 34304: (null) (errno=Invalid argument)
    xcode-select: Failed to locate 'clang', requesting installation of command line developer tools.
    ninja: build stopped: subcommand failed.
    
    

  

  CMake will not be able to correctly generate this project.
Call Stack (most recent call first):
  CMakeLists.txt:2 (project)


-- Configuring incomplete, errors occurred!
See also "/Users/ys/CLionProjects/untitled2/cmake-build-debug/CMakeFiles/CMakeOutput.log".
See also "/Users/ys/CLionProjects/untitled2/cmake-build-debug/CMakeFiles/CMakeError.log".
